2025-05-02 02:53:30,731 - INFO - Loaded JSON map from C:\Users\MenaBeshai\Downloads\Speech to Text\vosk-model-en-us-0.42-gigaspeech\One_File\config\fractions_map.json
2025-05-02 02:53:30,731 - INFO - Loaded fractions map
2025-05-02 02:53:30,732 - INFO - Loaded JSON map from C:\Users\MenaBeshai\Downloads\Speech to Text\vosk-model-en-us-0.42-gigaspeech\One_File\config\symbols_map.json
2025-05-02 02:53:30,732 - INFO - Loaded symbols map
2025-05-02 02:53:30,732 - INFO - Loaded JSON map from C:\Users\MenaBeshai\Downloads\Speech to Text\vosk-model-en-us-0.42-gigaspeech\One_File\config\google_numbers.json
2025-05-02 02:53:30,732 - INFO - Loaded google numbers map
2025-05-02 02:53:30,733 - INFO - Loaded JSON map from C:\Users\MenaBeshai\Downloads\Speech to Text\vosk-model-en-us-0.42-gigaspeech\One_File\config\large_numbers_map.json
2025-05-02 02:53:30,733 - INFO - Loaded large numbers map
2025-05-02 02:53:30,733 - INFO - Recordings directory ensured at C:\Users\MenaBeshai\Downloads\Speech to Text\vosk-model-en-us-0.42-gigaspeech\One_File\Recordings
2025-05-02 02:53:30,734 - INFO - Commands loaded successfully.
2025-05-02 02:53:30,734 - INFO - Audio tab setup completed
2025-05-02 02:53:30,735 - ERROR - Failed to setup audio tab: <built-in function set_value> returned a result with an error set
2025-05-02 02:53:30,735 - ERROR - Failed to initialize GUI: <built-in function set_value> returned a result with an error set
2025-05-02 04:04:50,215 - INFO - Loaded JSON map from C:\Users\MenaBeshai\Downloads\Speech to Text\vosk-model-en-us-0.42-gigaspeech\One_File\config\fractions_map.json
2025-05-02 04:04:50,215 - INFO - Loaded fractions map
2025-05-02 04:04:50,215 - INFO - Loaded JSON map from C:\Users\MenaBeshai\Downloads\Speech to Text\vosk-model-en-us-0.42-gigaspeech\One_File\config\symbols_map.json
2025-05-02 04:04:50,215 - INFO - Loaded symbols map
2025-05-02 04:04:50,215 - INFO - Loaded JSON map from C:\Users\MenaBeshai\Downloads\Speech to Text\vosk-model-en-us-0.42-gigaspeech\One_File\config\google_numbers.json
2025-05-02 04:04:50,215 - INFO - Loaded google numbers map
2025-05-02 04:04:50,215 - INFO - Loaded JSON map from C:\Users\MenaBeshai\Downloads\Speech to Text\vosk-model-en-us-0.42-gigaspeech\One_File\config\large_numbers_map.json
2025-05-02 04:04:50,215 - INFO - Loaded large numbers map
2025-05-02 04:04:50,215 - INFO - Recordings directory ensured at C:\Users\MenaBeshai\Downloads\Speech to Text\vosk-model-en-us-0.42-gigaspeech\One_File\Recordings
2025-05-02 04:04:50,216 - INFO - Commands loaded successfully.
